0 info it worked if it ends with ok
1 verbose cli [ 'C:\\Program Files\\nodejs\\node.exe',
1 verbose cli   'C:\\Program Files\\nodejs\\node_modules\\npm\\bin\\npm-cli.js',
1 verbose cli   'install',
1 verbose cli   'gulp' ]
2 info using npm@2.14.12
3 info using node@v4.3.1
4 verbose install initial load of C:\Users\Owner\Desktop\wp-boot\package.json
5 verbose installManyTop reading scoped package data from C:\Users\Owner\Desktop\wp-boot\node_modules\autoprefixer\package.json
6 verbose installManyTop reading scoped package data from C:\Users\Owner\Desktop\wp-boot\node_modules\css-mqpacker\package.json
7 verbose installManyTop reading scoped package data from C:\Users\Owner\Desktop\wp-boot\node_modules\cssnano\package.json
8 verbose installManyTop reading scoped package data from C:\Users\Owner\Desktop\wp-boot\node_modules\del\package.json
9 verbose installManyTop reading scoped package data from C:\Users\Owner\Desktop\wp-boot\node_modules\gulp\package.json
10 verbose installManyTop reading scoped package data from C:\Users\Owner\Desktop\wp-boot\node_modules\gulp-changed\package.json
11 verbose installManyTop reading scoped package data from C:\Users\Owner\Desktop\wp-boot\node_modules\gulp-concat\package.json
12 verbose installManyTop reading scoped package data from C:\Users\Owner\Desktop\wp-boot\node_modules\gulp-htmlclean\package.json
13 verbose installManyTop reading scoped package data from C:\Users\Owner\Desktop\wp-boot\node_modules\gulp-imagemin\package.json
14 verbose installManyTop reading scoped package data from C:\Users\Owner\Desktop\wp-boot\node_modules\gulp-jshint\package.json
15 verbose installManyTop reading scoped package data from C:\Users\Owner\Desktop\wp-boot\node_modules\gulp-postcss\package.json
16 verbose installManyTop reading scoped package data from C:\Users\Owner\Desktop\wp-boot\node_modules\gulp-sass\package.json
17 verbose installManyTop reading scoped package data from C:\Users\Owner\Desktop\wp-boot\node_modules\gulp-svgstore\package.json
18 verbose installManyTop reading scoped package data from C:\Users\Owner\Desktop\wp-boot\node_modules\gulp-uglify\package.json
19 verbose installManyTop reading scoped package data from C:\Users\Owner\Desktop\wp-boot\node_modules\imagemin-pngcrush\package.json
20 verbose readDependencies loading dependencies from C:\Users\Owner\Desktop\wp-boot\package.json
21 silly cache add args [ 'gulp@^3.9.0', null ]
22 verbose cache add spec gulp@^3.9.0
23 silly cache add parsed spec Result {
23 silly cache add   raw: 'gulp@^3.9.0',
23 silly cache add   scope: null,
23 silly cache add   name: 'gulp',
23 silly cache add   rawSpec: '^3.9.0',
23 silly cache add   spec: '>=3.9.0 <4.0.0',
23 silly cache add   type: 'range' }
24 silly addNamed gulp@>=3.9.0 <4.0.0
25 verbose addNamed ">=3.9.0 <4.0.0" is a valid semver range for gulp
26 silly addNameRange { name: 'gulp', range: '>=3.9.0 <4.0.0', hasData: false }
27 silly mapToRegistry name gulp
28 silly mapToRegistry using default registry
29 silly mapToRegistry registry https://registry.npmjs.org/
30 silly mapToRegistry uri https://registry.npmjs.org/gulp
31 verbose addNameRange registry:https://registry.npmjs.org/gulp not in flight; fetching
32 verbose request uri https://registry.npmjs.org/gulp
33 verbose request no auth needed
34 info attempt registry request try #1 at 10:06:34 PM
35 verbose request id c74e5deb4b132168
36 verbose etag "E4WACPT4KHZ3QGL5L94XWSLYD"
37 http request GET https://registry.npmjs.org/gulp
38 http 304 https://registry.npmjs.org/gulp
39 verbose headers { date: 'Wed, 02 Mar 2016 03:06:31 GMT',
39 verbose headers   via: '1.1 varnish',
39 verbose headers   'cache-control': 'max-age=300',
39 verbose headers   etag: '"E4WACPT4KHZ3QGL5L94XWSLYD"',
39 verbose headers   age: '249',
39 verbose headers   connection: 'keep-alive',
39 verbose headers   'x-served-by': 'cache-jfk1025-JFK',
39 verbose headers   'x-cache': 'HIT',
39 verbose headers   'x-cache-hits': '6',
39 verbose headers   'x-timer': 'S1456887991.326286,VS0,VE0',
39 verbose headers   vary: 'Accept' }
40 silly get cb [ 304,
40 silly get   { date: 'Wed, 02 Mar 2016 03:06:31 GMT',
40 silly get     via: '1.1 varnish',
40 silly get     'cache-control': 'max-age=300',
40 silly get     etag: '"E4WACPT4KHZ3QGL5L94XWSLYD"',
40 silly get     age: '249',
40 silly get     connection: 'keep-alive',
40 silly get     'x-served-by': 'cache-jfk1025-JFK',
40 silly get     'x-cache': 'HIT',
40 silly get     'x-cache-hits': '6',
40 silly get     'x-timer': 'S1456887991.326286,VS0,VE0',
40 silly get     vary: 'Accept' } ]
41 verbose etag https://registry.npmjs.org/gulp from cache
42 verbose get saving gulp to C:\Users\Owner\AppData\Roaming\npm-cache\registry.npmjs.org\gulp\.cache.json
43 silly addNameRange number 2 { name: 'gulp', range: '>=3.9.0 <4.0.0', hasData: true }
44 silly addNameRange versions [ 'gulp',
44 silly addNameRange   [ '0.0.1',
44 silly addNameRange     '0.0.2',
44 silly addNameRange     '0.0.3',
44 silly addNameRange     '0.0.4',
44 silly addNameRange     '0.0.5',
44 silly addNameRange     '0.0.7',
44 silly addNameRange     '0.0.8',
44 silly addNameRange     '0.0.9',
44 silly addNameRange     '0.1.0',
44 silly addNameRange     '0.2.0',
44 silly addNameRange     '1.0.0',
44 silly addNameRange     '1.1.0',
44 silly addNameRange     '1.2.0',
44 silly addNameRange     '1.2.1',
44 silly addNameRange     '2.0.0',
44 silly addNameRange     '2.0.1',
44 silly addNameRange     '2.1.0',
44 silly addNameRange     '2.2.0',
44 silly addNameRange     '2.3.0',
44 silly addNameRange     '2.4.0',
44 silly addNameRange     '2.4.1',
44 silly addNameRange     '2.6.0',
44 silly addNameRange     '2.6.1',
44 silly addNameRange     '2.7.0',
44 silly addNameRange     '3.0.0',
44 silly addNameRange     '3.1.1',
44 silly addNameRange     '3.1.2',
44 silly addNameRange     '3.1.3',
44 silly addNameRange     '3.1.4',
44 silly addNameRange     '3.2.0',
44 silly addNameRange     '3.2.1',
44 silly addNameRange     '3.2.2',
44 silly addNameRange     '3.2.3',
44 silly addNameRange     '3.2.4',
44 silly addNameRange     '3.2.5',
44 silly addNameRange     '3.3.0',
44 silly addNameRange     '3.3.1',
44 silly addNameRange     '3.3.2',
44 silly addNameRange     '3.3.4',
44 silly addNameRange     '3.4.0',
44 silly addNameRange     '3.5.0',
44 silly addNameRange     '3.5.1',
44 silly addNameRange     '3.5.2',
44 silly addNameRange     '3.5.5',
44 silly addNameRange     '3.5.6',
44 silly addNameRange     '3.6.0',
44 silly addNameRange     '3.6.1',
44 silly addNameRange     '3.6.2',
44 silly addNameRange     '3.7.0',
44 silly addNameRange     '3.8.0',
44 silly addNameRange     '3.8.1',
44 silly addNameRange     '3.8.2',
44 silly addNameRange     '3.8.3',
44 silly addNameRange     '3.8.4',
44 silly addNameRange     '3.8.5',
44 silly addNameRange     '3.8.6',
44 silly addNameRange     '3.8.7',
44 silly addNameRange     '3.8.8',
44 silly addNameRange     '3.8.9',
44 silly addNameRange     '3.8.10',
44 silly addNameRange     '3.8.11',
44 silly addNameRange     '3.9.0',
44 silly addNameRange     '3.9.1' ] ]
45 silly addNamed gulp@3.9.1
46 verbose addNamed "3.9.1" is a plain semver version for gulp
47 silly cache afterAdd gulp@3.9.1
48 verbose afterAdd C:\Users\Owner\AppData\Roaming\npm-cache\gulp\3.9.1\package\package.json not in flight; writing
49 verbose afterAdd C:\Users\Owner\AppData\Roaming\npm-cache\gulp\3.9.1\package\package.json written
50 silly install resolved [ { name: 'gulp',
50 silly install resolved     description: 'The streaming build system',
50 silly install resolved     version: '3.9.1',
50 silly install resolved     homepage: 'http://gulpjs.com',
50 silly install resolved     repository: { type: 'git', url: 'git+https://github.com/gulpjs/gulp.git' },
50 silly install resolved     author:
50 silly install resolved      { name: 'Fractal',
50 silly install resolved        email: 'contact@wearefractal.com',
50 silly install resolved        url: 'http://wearefractal.com/' },
50 silly install resolved     tags: [ 'build', 'stream', 'system', 'make', 'tool', 'asset', 'pipeline' ],
50 silly install resolved     files: [ 'index.js', 'lib', 'bin', 'completion', 'gulp.1' ],
50 silly install resolved     bin: { gulp: './bin/gulp.js' },
50 silly install resolved     man: [ 'gulp.1' ],
50 silly install resolved     dependencies:
50 silly install resolved      { archy: '^1.0.0',
50 silly install resolved        chalk: '^1.0.0',
50 silly install resolved        deprecated: '^0.0.1',
50 silly install resolved        'gulp-util': '^3.0.0',
50 silly install resolved        interpret: '^1.0.0',
50 silly install resolved        liftoff: '^2.1.0',
50 silly install resolved        minimist: '^1.1.0',
50 silly install resolved        orchestrator: '^0.3.0',
50 silly install resolved        'pretty-hrtime': '^1.0.0',
50 silly install resolved        semver: '^4.1.0',
50 silly install resolved        tildify: '^1.0.0',
50 silly install resolved        v8flags: '^2.0.2',
50 silly install resolved        'vinyl-fs': '^0.3.0' },
50 silly install resolved     devDependencies:
50 silly install resolved      { coveralls: '^2.7.0',
50 silly install resolved        eslint: '^1.7.3',
50 silly install resolved        'eslint-config-gulp': '^2.0.0',
50 silly install resolved        'graceful-fs': '^3.0.0',
50 silly install resolved        istanbul: '^0.3.0',
50 silly install resolved        jscs: '^2.3.5',
50 silly install resolved        'jscs-preset-gulp': '^1.0.0',
50 silly install resolved        'marked-man': '^0.1.3',
50 silly install resolved        mkdirp: '^0.5.0',
50 silly install resolved        mocha: '^2.0.1',
50 silly install resolved        'mocha-lcov-reporter': '^0.0.1',
50 silly install resolved        q: '^1.0.0',
50 silly install resolved        rimraf: '^2.2.5',
50 silly install resolved        should: '^5.0.1' },
50 silly install resolved     scripts:
50 silly install resolved      { prepublish: 'marked-man --name gulp docs/CLI.md > gulp.1',
50 silly install resolved        lint: 'eslint . && jscs *.js bin/ lib/ test/',
50 silly install resolved        pretest: 'npm run lint',
50 silly install resolved        test: 'mocha --reporter spec',
50 silly install resolved        coveralls: 'istanbul cover _mocha --report lcovonly -- -R spec && cat ./coverage/lcov.info | coveralls && rm -rf ./coverage' },
50 silly install resolved     engines: { node: '>= 0.9' },
50 silly install resolved     license: 'MIT',
50 silly install resolved     gitHead: '9c14e3a13a73a32e424f144d62566671b2fcdbed',
50 silly install resolved     bugs: { url: 'https://github.com/gulpjs/gulp/issues' },
50 silly install resolved     _id: 'gulp@3.9.1',
50 silly install resolved     _shasum: '571ce45928dd40af6514fc4011866016c13845b4',
50 silly install resolved     _from: 'gulp@>=3.9.0 <4.0.0',
50 silly install resolved     _npmVersion: '2.14.14',
50 silly install resolved     _nodeVersion: '0.10.41',
50 silly install resolved     _npmUser: { name: 'phated', email: 'blaine@iceddev.com' },
50 silly install resolved     maintainers: [ [Object], [Object] ],
50 silly install resolved     dist:
50 silly install resolved      { shasum: '571ce45928dd40af6514fc4011866016c13845b4',
50 silly install resolved        tarball: 'http://registry.npmjs.org/gulp/-/gulp-3.9.1.tgz' },
50 silly install resolved     _npmOperationalInternal:
50 silly install resolved      { host: 'packages-6-west.internal.npmjs.com',
50 silly install resolved        tmp: 'tmp/gulp-3.9.1.tgz_1454957415500_0.15343931876122952' },
50 silly install resolved     directories: {},
50 silly install resolved     _resolved: 'https://registry.npmjs.org/gulp/-/gulp-3.9.1.tgz',
50 silly install resolved     readme: 'ERROR: No README data found!' } ]
51 info install gulp@3.9.1 into C:\Users\Owner\Desktop\wp-boot
52 info installOne gulp@3.9.1
53 verbose installOne of gulp to C:\Users\Owner\Desktop\wp-boot not in flight; installing
54 verbose lock using C:\Users\Owner\AppData\Roaming\npm-cache\_locks\gulp-f14b213f027de41c.lock for C:\Users\Owner\Desktop\wp-boot\node_modules\gulp
55 silly install write writing gulp 3.9.1 to C:\Users\Owner\Desktop\wp-boot\node_modules\gulp
56 verbose unbuild node_modules\gulp
57 silly gentlyRm C:\Users\Owner\Desktop\wp-boot\node_modules\gulp is being purged from base C:\Users\Owner\Desktop\wp-boot
58 verbose gentlyRm don't care about contents; nuking C:\Users\Owner\Desktop\wp-boot\node_modules\gulp
59 silly vacuum-fs Error: EPERM: operation not permitted, lstat 'C:\Users\Owner\Desktop\wp-boot\node_modules\gulp'
59 silly vacuum-fs     at Error (native)
60 verbose unlock done using C:\Users\Owner\AppData\Roaming\npm-cache\_locks\gulp-f14b213f027de41c.lock for C:\Users\Owner\Desktop\wp-boot\node_modules\gulp
61 verbose stack Error: EPERM: operation not permitted, lstat 'C:\Users\Owner\Desktop\wp-boot\node_modules\gulp'
61 verbose stack     at Error (native)
62 verbose cwd C:\Users\Owner\Desktop\wp-boot
63 error Windows_NT 10.0.10586
64 error argv "C:\\Program Files\\nodejs\\node.exe" "C:\\Program Files\\nodejs\\node_modules\\npm\\bin\\npm-cli.js" "install" "gulp"
65 error node v4.3.1
66 error npm  v2.14.12
67 error path C:\Users\Owner\Desktop\wp-boot\node_modules\gulp
68 error code EPERM
69 error errno -4048
70 error syscall lstat
71 error Error: EPERM: operation not permitted, lstat 'C:\Users\Owner\Desktop\wp-boot\node_modules\gulp'
71 error     at Error (native)
71 error  { [Error: EPERM: operation not permitted, lstat 'C:\Users\Owner\Desktop\wp-boot\node_modules\gulp']
71 error   errno: -4048,
71 error   code: 'EPERM',
71 error   syscall: 'lstat',
71 error   path: 'C:\\Users\\Owner\\Desktop\\wp-boot\\node_modules\\gulp' }
72 error Please try running this command again as root/Administrator.
73 verbose exit [ -4048, true ]
74 verbose unbuild node_modules\gulp
75 silly gentlyRm C:\Users\Owner\Desktop\wp-boot\node_modules\gulp is being purged from base C:\Users\Owner\Desktop\wp-boot
76 verbose gentlyRm don't care about contents; nuking C:\Users\Owner\Desktop\wp-boot\node_modules\gulp
77 silly vacuum-fs Error: EPERM: operation not permitted, lstat 'C:\Users\Owner\Desktop\wp-boot\node_modules\gulp'
77 silly vacuum-fs     at Error (native)
78 error error rolling back Error: EPERM: operation not permitted, lstat 'C:\Users\Owner\Desktop\wp-boot\node_modules\gulp'
78 error error rolling back     at Error (native)
78 error error rolling back  { [Error: EPERM: operation not permitted, lstat 'C:\Users\Owner\Desktop\wp-boot\node_modules\gulp']
78 error error rolling back   errno: -4048,
78 error error rolling back   code: 'EPERM',
78 error error rolling back   syscall: 'lstat',
78 error error rolling back   path: 'C:\\Users\\Owner\\Desktop\\wp-boot\\node_modules\\gulp' }
